ERROR - 2024-06-19 05:19:05 --> mysqli_sql_exception: Duplicate entry '3302210' for key 'PRIMARY' in C:\xampp\htdocs\webgis\system\Database\MySQLi\Connection.php:308
Stack trace:
#0 C:\xampp\htdocs\webgis\system\Database\MySQLi\Connection.php(308): mysqli->query('INSERT INTO `ke...', 0)
#1 C:\xampp\htdocs\webgis\system\Database\BaseConnection.php(722): CodeIgniter\Database\MySQLi\Connection->execute('INSERT INTO `ke...')
#2 C:\xampp\htdocs\webgis\system\Database\BaseConnection.php(636): CodeIgniter\Database\BaseConnection->simpleQuery('INSERT INTO `ke...')
#3 C:\xampp\htdocs\webgis\system\Database\BaseBuilder.php(2325): CodeIgniter\Database\BaseConnection->query('INSERT INTO `ke...', Array, false)
#4 C:\xampp\htdocs\webgis\system\Model.php(383): CodeIgniter\Database\BaseBuilder->insert()
#5 C:\xampp\htdocs\webgis\system\BaseModel.php(840): CodeIgniter\Model->doInsert(Array)
#6 C:\xampp\htdocs\webgis\system\Model.php(791): CodeIgniter\BaseModel->insert(Array, true)
#7 C:\xampp\htdocs\webgis\app\Controllers\Kecamatan.php(73): CodeIgniter\Model->insert(Array)
#8 C:\xampp\htdocs\webgis\system\CodeIgniter.php(933): App\Controllers\Kecamatan->simpan()
#9 C:\xampp\htdocs\webgis\system\CodeIgniter.php(509): CodeIgniter\CodeIgniter->runController(Object(App\Controllers\Kecamatan))
#10 C:\xampp\htdocs\webgis\system\CodeIgniter.php(355): CodeIgniter\CodeIgniter->handleRequest(NULL, Object(Config\Cache), false)
#11 C:\xampp\htdocs\webgis\system\Boot.php(312): CodeIgniter\CodeIgniter->run()
#12 C:\xampp\htdocs\webgis\system\Boot.php(67): CodeIgniter\Boot::runCodeIgniter(Object(CodeIgniter\CodeIgniter))
#13 C:\xampp\htdocs\webgis\index.php(56): CodeIgniter\Boot::bootWeb(Object(Config\Paths))
#14 {main}
CRITICAL - 2024-06-19 05:19:05 --> CodeIgniter\Database\Exceptions\DatabaseException: Duplicate entry '3302210' for key 'PRIMARY'
[Method: POST, Route: simpankecamatan]
in SYSTEMPATH\Database\BaseConnection.php on line 676.
 1 SYSTEMPATH\Database\BaseBuilder.php(2325): CodeIgniter\Database\BaseConnection->query('INSERT INTO `kecamatan` (`kode_kecamatan`, `id_kabupaten`, `nama_kecamatan`, `jumlah_penduduk`, `luas_wilayah`) VALUES (:kode_kecamatan:, :id_kabupaten:, :nama_kecamatan:, :jumlah_penduduk:, :luas_wilayah:)', [...], false)
 2 SYSTEMPATH\Model.php(383): CodeIgniter\Database\BaseBuilder->insert()
 3 SYSTEMPATH\BaseModel.php(840): CodeIgniter\Model->doInsert([...])
 4 SYSTEMPATH\Model.php(791): CodeIgniter\BaseModel->insert([...], true)
 5 APPPATH\Controllers\Kecamatan.php(73): CodeIgniter\Model->insert([...])
 6 SYSTEMPATH\CodeIgniter.php(933): App\Controllers\Kecamatan->simpan()
 7 SYSTEMPATH\CodeIgniter.php(509): CodeIgniter\CodeIgniter->runController(Object(App\Controllers\Kecamatan))
 8 SYSTEMPATH\CodeIgniter.php(355): CodeIgniter\CodeIgniter->handleRequest(null, Object(Config\Cache), false)
 9 SYSTEMPATH\Boot.php(312): CodeIgniter\CodeIgniter->run()
10 SYSTEMPATH\Boot.php(67): CodeIgniter\Boot::runCodeIgniter(Object(CodeIgniter\CodeIgniter))
11 FCPATH\index.php(56): CodeIgniter\Boot::bootWeb(Object(Config\Paths))
CRITICAL - 2024-06-19 05:19:05 --> [Caused by] CodeIgniter\Database\Exceptions\DatabaseException: Duplicate entry '3302210' for key 'PRIMARY'
in SYSTEMPATH\Database\MySQLi\Connection.php on line 313.
 1 SYSTEMPATH\Database\BaseConnection.php(722): CodeIgniter\Database\MySQLi\Connection->execute('INSERT INTO `kecamatan` (`kode_kecamatan`, `id_kabupaten`, `nama_kecamatan`, `jumlah_penduduk`, `luas_wilayah`) VALUES (\'3302210\', \'1\', \'Kembaran\', \'123\', \'12\')')
 2 SYSTEMPATH\Database\BaseConnection.php(636): CodeIgniter\Database\BaseConnection->simpleQuery('INSERT INTO `kecamatan` (`kode_kecamatan`, `id_kabupaten`, `nama_kecamatan`, `jumlah_penduduk`, `luas_wilayah`) VALUES (\'3302210\', \'1\', \'Kembaran\', \'123\', \'12\')')
 3 SYSTEMPATH\Database\BaseBuilder.php(2325): CodeIgniter\Database\BaseConnection->query('INSERT INTO `kecamatan` (`kode_kecamatan`, `id_kabupaten`, `nama_kecamatan`, `jumlah_penduduk`, `luas_wilayah`) VALUES (:kode_kecamatan:, :id_kabupaten:, :nama_kecamatan:, :jumlah_penduduk:, :luas_wilayah:)', [...], false)
 4 SYSTEMPATH\Model.php(383): CodeIgniter\Database\BaseBuilder->insert()
 5 SYSTEMPATH\BaseModel.php(840): CodeIgniter\Model->doInsert([...])
 6 SYSTEMPATH\Model.php(791): CodeIgniter\BaseModel->insert([...], true)
 7 APPPATH\Controllers\Kecamatan.php(73): CodeIgniter\Model->insert([...])
 8 SYSTEMPATH\CodeIgniter.php(933): App\Controllers\Kecamatan->simpan()
 9 SYSTEMPATH\CodeIgniter.php(509): CodeIgniter\CodeIgniter->runController(Object(App\Controllers\Kecamatan))
10 SYSTEMPATH\CodeIgniter.php(355): CodeIgniter\CodeIgniter->handleRequest(null, Object(Config\Cache), false)
11 SYSTEMPATH\Boot.php(312): CodeIgniter\CodeIgniter->run()
12 SYSTEMPATH\Boot.php(67): CodeIgniter\Boot::runCodeIgniter(Object(CodeIgniter\CodeIgniter))
13 FCPATH\index.php(56): CodeIgniter\Boot::bootWeb(Object(Config\Paths))
CRITICAL - 2024-06-19 05:19:05 --> [Caused by] mysqli_sql_exception: Duplicate entry '3302210' for key 'PRIMARY'
in SYSTEMPATH\Database\MySQLi\Connection.php on line 308.
 1 SYSTEMPATH\Database\MySQLi\Connection.php(308): mysqli->query('INSERT INTO `kecamatan` (`kode_kecamatan`, `id_kabupaten`, `nama_kecamatan`, `jumlah_penduduk`, `luas_wilayah`) VALUES (\'3302210\', \'1\', \'Kembaran\', \'123\', \'12\')', 0)
 2 SYSTEMPATH\Database\BaseConnection.php(722): CodeIgniter\Database\MySQLi\Connection->execute('INSERT INTO `kecamatan` (`kode_kecamatan`, `id_kabupaten`, `nama_kecamatan`, `jumlah_penduduk`, `luas_wilayah`) VALUES (\'3302210\', \'1\', \'Kembaran\', \'123\', \'12\')')
 3 SYSTEMPATH\Database\BaseConnection.php(636): CodeIgniter\Database\BaseConnection->simpleQuery('INSERT INTO `kecamatan` (`kode_kecamatan`, `id_kabupaten`, `nama_kecamatan`, `jumlah_penduduk`, `luas_wilayah`) VALUES (\'3302210\', \'1\', \'Kembaran\', \'123\', \'12\')')
 4 SYSTEMPATH\Database\BaseBuilder.php(2325): CodeIgniter\Database\BaseConnection->query('INSERT INTO `kecamatan` (`kode_kecamatan`, `id_kabupaten`, `nama_kecamatan`, `jumlah_penduduk`, `luas_wilayah`) VALUES (:kode_kecamatan:, :id_kabupaten:, :nama_kecamatan:, :jumlah_penduduk:, :luas_wilayah:)', [...], false)
 5 SYSTEMPATH\Model.php(383): CodeIgniter\Database\BaseBuilder->insert()
 6 SYSTEMPATH\BaseModel.php(840): CodeIgniter\Model->doInsert([...])
 7 SYSTEMPATH\Model.php(791): CodeIgniter\BaseModel->insert([...], true)
 8 APPPATH\Controllers\Kecamatan.php(73): CodeIgniter\Model->insert([...])
 9 SYSTEMPATH\CodeIgniter.php(933): App\Controllers\Kecamatan->simpan()
10 SYSTEMPATH\CodeIgniter.php(509): CodeIgniter\CodeIgniter->runController(Object(App\Controllers\Kecamatan))
11 SYSTEMPATH\CodeIgniter.php(355): CodeIgniter\CodeIgniter->handleRequest(null, Object(Config\Cache), false)
12 SYSTEMPATH\Boot.php(312): CodeIgniter\CodeIgniter->run()
13 SYSTEMPATH\Boot.php(67): CodeIgniter\Boot::runCodeIgniter(Object(CodeIgniter\CodeIgniter))
14 FCPATH\index.php(56): CodeIgniter\Boot::bootWeb(Object(Config\Paths))
ERROR - 2024-06-19 08:05:46 --> mysqli_sql_exception: Table 'sigweb.sekolah' doesn't exist in C:\xampp\htdocs\webgis\system\Database\MySQLi\Connection.php:308
Stack trace:
#0 C:\xampp\htdocs\webgis\system\Database\MySQLi\Connection.php(308): mysqli->query('SELECT *\nFROM `...', 0)
#1 C:\xampp\htdocs\webgis\system\Database\BaseConnection.php(722): CodeIgniter\Database\MySQLi\Connection->execute('SELECT *\nFROM `...')
#2 C:\xampp\htdocs\webgis\system\Database\BaseConnection.php(636): CodeIgniter\Database\BaseConnection->simpleQuery('SELECT *\nFROM `...')
#3 C:\xampp\htdocs\webgis\system\Database\BaseBuilder.php(1629): CodeIgniter\Database\BaseConnection->query('SELECT *\nFROM `...', Array, false)
#4 C:\xampp\htdocs\webgis\system\Model.php(275): CodeIgniter\Database\BaseBuilder->get()
#5 C:\xampp\htdocs\webgis\system\BaseModel.php(676): CodeIgniter\Model->doFindAll(0, 0)
#6 C:\xampp\htdocs\webgis\app\Controllers\sekolah.php(19): CodeIgniter\BaseModel->findAll()
#7 C:\xampp\htdocs\webgis\app\Controllers\sekolah.php(12): App\Controllers\Sekolah->tampil()
#8 C:\xampp\htdocs\webgis\system\CodeIgniter.php(933): App\Controllers\Sekolah->index()
#9 C:\xampp\htdocs\webgis\system\CodeIgniter.php(509): CodeIgniter\CodeIgniter->runController(Object(App\Controllers\Sekolah))
#10 C:\xampp\htdocs\webgis\system\CodeIgniter.php(355): CodeIgniter\CodeIgniter->handleRequest(NULL, Object(Config\Cache), false)
#11 C:\xampp\htdocs\webgis\system\Boot.php(312): CodeIgniter\CodeIgniter->run()
#12 C:\xampp\htdocs\webgis\system\Boot.php(67): CodeIgniter\Boot::runCodeIgniter(Object(CodeIgniter\CodeIgniter))
#13 C:\xampp\htdocs\webgis\index.php(56): CodeIgniter\Boot::bootWeb(Object(Config\Paths))
#14 {main}
CRITICAL - 2024-06-19 08:05:47 --> CodeIgniter\Database\Exceptions\DatabaseException: Table 'sigweb.sekolah' doesn't exist
[Method: GET, Route: sekolah]
in SYSTEMPATH\Database\BaseConnection.php on line 676.
 1 SYSTEMPATH\Database\BaseBuilder.php(1629): CodeIgniter\Database\BaseConnection->query('SELECT *
FROM `sekolah`
JOIN `kecamatan` ON `kecamatan`.`kode_kecamatan` = 
`sekolah`.`kode_kecamatan`', [], false)
 2 SYSTEMPATH\Model.php(275): CodeIgniter\Database\BaseBuilder->get()
 3 SYSTEMPATH\BaseModel.php(676): CodeIgniter\Model->doFindAll(0, 0)
 4 APPPATH\Controllers\sekolah.php(19): CodeIgniter\BaseModel->findAll()
 5 APPPATH\Controllers\sekolah.php(12): App\Controllers\Sekolah->tampil()
 6 SYSTEMPATH\CodeIgniter.php(933): App\Controllers\Sekolah->index()
 7 SYSTEMPATH\CodeIgniter.php(509): CodeIgniter\CodeIgniter->runController(Object(App\Controllers\Sekolah))
 8 SYSTEMPATH\CodeIgniter.php(355): CodeIgniter\CodeIgniter->handleRequest(null, Object(Config\Cache), false)
 9 SYSTEMPATH\Boot.php(312): CodeIgniter\CodeIgniter->run()
10 SYSTEMPATH\Boot.php(67): CodeIgniter\Boot::runCodeIgniter(Object(CodeIgniter\CodeIgniter))
11 FCPATH\index.php(56): CodeIgniter\Boot::bootWeb(Object(Config\Paths))
CRITICAL - 2024-06-19 08:05:47 --> [Caused by] CodeIgniter\Database\Exceptions\DatabaseException: Table 'sigweb.sekolah' doesn't exist
in SYSTEMPATH\Database\MySQLi\Connection.php on line 313.
 1 SYSTEMPATH\Database\BaseConnection.php(722): CodeIgniter\Database\MySQLi\Connection->execute('SELECT *
FROM `sekolah`
JOIN `kecamatan` ON `kecamatan`.`kode_kecamatan` = 
`sekolah`.`kode_kecamatan`')
 2 SYSTEMPATH\Database\BaseConnection.php(636): CodeIgniter\Database\BaseConnection->simpleQuery('SELECT *
FROM `sekolah`
JOIN `kecamatan` ON `kecamatan`.`kode_kecamatan` = 
`sekolah`.`kode_kecamatan`')
 3 SYSTEMPATH\Database\BaseBuilder.php(1629): CodeIgniter\Database\BaseConnection->query('SELECT *
FROM `sekolah`
JOIN `kecamatan` ON `kecamatan`.`kode_kecamatan` = 
`sekolah`.`kode_kecamatan`', [], false)
 4 SYSTEMPATH\Model.php(275): CodeIgniter\Database\BaseBuilder->get()
 5 SYSTEMPATH\BaseModel.php(676): CodeIgniter\Model->doFindAll(0, 0)
 6 APPPATH\Controllers\sekolah.php(19): CodeIgniter\BaseModel->findAll()
 7 APPPATH\Controllers\sekolah.php(12): App\Controllers\Sekolah->tampil()
 8 SYSTEMPATH\CodeIgniter.php(933): App\Controllers\Sekolah->index()
 9 SYSTEMPATH\CodeIgniter.php(509): CodeIgniter\CodeIgniter->runController(Object(App\Controllers\Sekolah))
10 SYSTEMPATH\CodeIgniter.php(355): CodeIgniter\CodeIgniter->handleRequest(null, Object(Config\Cache), false)
11 SYSTEMPATH\Boot.php(312): CodeIgniter\CodeIgniter->run()
12 SYSTEMPATH\Boot.php(67): CodeIgniter\Boot::runCodeIgniter(Object(CodeIgniter\CodeIgniter))
13 FCPATH\index.php(56): CodeIgniter\Boot::bootWeb(Object(Config\Paths))
CRITICAL - 2024-06-19 08:05:47 --> [Caused by] mysqli_sql_exception: Table 'sigweb.sekolah' doesn't exist
in SYSTEMPATH\Database\MySQLi\Connection.php on line 308.
 1 SYSTEMPATH\Database\MySQLi\Connection.php(308): mysqli->query('SELECT *
FROM `sekolah`
JOIN `kecamatan` ON `kecamatan`.`kode_kecamatan` = 
`sekolah`.`kode_kecamatan`', 0)
 2 SYSTEMPATH\Database\BaseConnection.php(722): CodeIgniter\Database\MySQLi\Connection->execute('SELECT *
FROM `sekolah`
JOIN `kecamatan` ON `kecamatan`.`kode_kecamatan` = 
`sekolah`.`kode_kecamatan`')
 3 SYSTEMPATH\Database\BaseConnection.php(636): CodeIgniter\Database\BaseConnection->simpleQuery('SELECT *
FROM `sekolah`
JOIN `kecamatan` ON `kecamatan`.`kode_kecamatan` = 
`sekolah`.`kode_kecamatan`')
 4 SYSTEMPATH\Database\BaseBuilder.php(1629): CodeIgniter\Database\BaseConnection->query('SELECT *
FROM `sekolah`
JOIN `kecamatan` ON `kecamatan`.`kode_kecamatan` = 
`sekolah`.`kode_kecamatan`', [], false)
 5 SYSTEMPATH\Model.php(275): CodeIgniter\Database\BaseBuilder->get()
 6 SYSTEMPATH\BaseModel.php(676): CodeIgniter\Model->doFindAll(0, 0)
 7 APPPATH\Controllers\sekolah.php(19): CodeIgniter\BaseModel->findAll()
 8 APPPATH\Controllers\sekolah.php(12): App\Controllers\Sekolah->tampil()
 9 SYSTEMPATH\CodeIgniter.php(933): App\Controllers\Sekolah->index()
10 SYSTEMPATH\CodeIgniter.php(509): CodeIgniter\CodeIgniter->runController(Object(App\Controllers\Sekolah))
11 SYSTEMPATH\CodeIgniter.php(355): CodeIgniter\CodeIgniter->handleRequest(null, Object(Config\Cache), false)
12 SYSTEMPATH\Boot.php(312): CodeIgniter\CodeIgniter->run()
13 SYSTEMPATH\Boot.php(67): CodeIgniter\Boot::runCodeIgniter(Object(CodeIgniter\CodeIgniter))
14 FCPATH\index.php(56): CodeIgniter\Boot::bootWeb(Object(Config\Paths))
